{"contracts/EnhancedOrderBook.sol":{"l":{"36":2,"37":2,"38":2,"39":2,"40":2,"41":2,"43":2,"50":2,"51":2,"53":2,"64":2,"65":2,"69":1,"70":1,"71":1,"75":1,"76":1},"path":"/Users/sindhu/Desktop/final-project-hardhat-project/contracts/EnhancedOrderBook.sol","s":{"1":2,"2":2,"3":2,"4":2,"5":2,"6":2,"7":2,"8":2,"9":2,"10":2,"11":2,"12":1,"13":1,"14":1,"15":1,"16":1},"b":{"1":[2,0],"2":[2,0],"3":[2,0],"4":[2,0],"5":[2,0],"6":[2,0],"7":[1,0]},"f":{"1":2,"2":1,"3":1},"fnMap":{"1":{"name":"placeOrderWithExpiry","line":27,"loc":{"start":{"line":27,"column":4},"end":{"line":66,"column":4}}},"2":{"name":"isOrderExpired","line":68,"loc":{"start":{"line":68,"column":4},"end":{"line":72,"column":4}}},"3":{"name":"isOrderActive","line":74,"loc":{"start":{"line":74,"column":4},"end":{"line":77,"column":4}}}},"statementMap":{"1":{"start":{"line":36,"column":8},"end":{"line":36,"column":69}},"2":{"start":{"line":37,"column":8},"end":{"line":37,"column":49}},"3":{"start":{"line":38,"column":8},"end":{"line":38,"column":47}},"4":{"start":{"line":39,"column":8},"end":{"line":39,"column":53}},"5":{"start":{"line":40,"column":8},"end":{"line":40,"column":74}},"6":{"start":{"line":41,"column":8},"end":{"line":41,"column":62}},"7":{"start":{"line":43,"column":8},"end":{"line":43,"column":1627}},"8":{"start":{"line":50,"column":8},"end":{"line":50,"column":72}},"9":{"start":{"line":51,"column":8},"end":{"line":51,"column":62}},"10":{"start":{"line":64,"column":8},"end":{"line":64,"column":65}},"11":{"start":{"line":65,"column":8},"end":{"line":65,"column":37}},"12":{"start":{"line":69,"column":8},"end":{"line":69,"column":57}},"13":{"start":{"line":70,"column":8},"end":{"line":70,"column":52}},"14":{"start":{"line":71,"column":8},"end":{"line":71,"column":45}},"15":{"start":{"line":75,"column":8},"end":{"line":75,"column":57}},"16":{"start":{"line":76,"column":8},"end":{"line":76,"column":70}}},"branchMap":{"1":{"line":36,"type":"if","locations":[{"start":{"line":36,"column":8},"end":{"line":36,"column":8}},{"start":{"line":36,"column":8},"end":{"line":36,"column":8}}]},"2":{"line":37,"type":"if","locations":[{"start":{"line":37,"column":8},"end":{"line":37,"column":8}},{"start":{"line":37,"column":8},"end":{"line":37,"column":8}}]},"3":{"line":38,"type":"if","locations":[{"start":{"line":38,"column":8},"end":{"line":38,"column":8}},{"start":{"line":38,"column":8},"end":{"line":38,"column":8}}]},"4":{"line":40,"type":"if","locations":[{"start":{"line":40,"column":8},"end":{"line":40,"column":8}},{"start":{"line":40,"column":8},"end":{"line":40,"column":8}}]},"5":{"line":41,"type":"if","locations":[{"start":{"line":41,"column":8},"end":{"line":41,"column":8}},{"start":{"line":41,"column":8},"end":{"line":41,"column":8}}]},"6":{"line":51,"type":"if","locations":[{"start":{"line":51,"column":8},"end":{"line":51,"column":8}},{"start":{"line":51,"column":8},"end":{"line":51,"column":8}}]},"7":{"line":70,"type":"if","locations":[{"start":{"line":70,"column":8},"end":{"line":70,"column":8}},{"start":{"line":70,"column":8},"end":{"line":70,"column":8}}]}}},"contracts/OrderBook.sol":{"l":{"46":4,"49":4,"50":3,"53":2,"54":2,"57":1,"64":1,"67":0,"70":0,"73":0,"74":0},"path":"/Users/sindhu/Desktop/final-project-hardhat-project/contracts/OrderBook.sol","s":{"1":4,"2":4,"3":3,"4":2,"5":2,"6":1,"7":1,"8":0,"9":0,"10":0},"b":{"1":[4,0],"2":[3,1],"3":[2,1],"4":[1,1],"5":[0,0]},"f":{"1":4},"fnMap":{"1":{"name":"placeOrder","line":37,"loc":{"start":{"line":37,"column":4},"end":{"line":75,"column":4}}}},"statementMap":{"1":{"start":{"line":46,"column":8},"end":{"line":46,"column":61}},"2":{"start":{"line":49,"column":8},"end":{"line":49,"column":49}},"3":{"start":{"line":50,"column":8},"end":{"line":50,"column":47}},"4":{"start":{"line":53,"column":8},"end":{"line":53,"column":53}},"5":{"start":{"line":54,"column":8},"end":{"line":54,"column":74}},"6":{"start":{"line":57,"column":8},"end":{"line":57,"column":1774}},"7":{"start":{"line":64,"column":8},"end":{"line":64,"column":72}},"8":{"start":{"line":67,"column":8},"end":{"line":67,"column":62}},"9":{"start":{"line":73,"column":8},"end":{"line":73,"column":65}},"10":{"start":{"line":74,"column":8},"end":{"line":74,"column":37}}},"branchMap":{"1":{"line":46,"type":"if","locations":[{"start":{"line":46,"column":8},"end":{"line":46,"column":8}},{"start":{"line":46,"column":8},"end":{"line":46,"column":8}}]},"2":{"line":49,"type":"if","locations":[{"start":{"line":49,"column":8},"end":{"line":49,"column":8}},{"start":{"line":49,"column":8},"end":{"line":49,"column":8}}]},"3":{"line":50,"type":"if","locations":[{"start":{"line":50,"column":8},"end":{"line":50,"column":8}},{"start":{"line":50,"column":8},"end":{"line":50,"column":8}}]},"4":{"line":54,"type":"if","locations":[{"start":{"line":54,"column":8},"end":{"line":54,"column":8}},{"start":{"line":54,"column":8},"end":{"line":54,"column":8}}]},"5":{"line":67,"type":"if","locations":[{"start":{"line":67,"column":8},"end":{"line":67,"column":8}},{"start":{"line":67,"column":8},"end":{"line":67,"column":8}}]}}},"contracts/OrderManagement.sol":{"l":{"17":2,"28":1},"path":"/Users/sindhu/Desktop/final-project-hardhat-project/contracts/OrderManagement.sol","s":{"1":2},"b":{},"f":{"1":2,"2":1},"fnMap":{"1":{"name":"getOrder","line":16,"loc":{"start":{"line":16,"column":4},"end":{"line":18,"column":4}}},"2":{"name":"updateOrder","line":20,"loc":{"start":{"line":20,"column":4},"end":{"line":29,"column":4}}}},"statementMap":{"1":{"start":{"line":17,"column":8},"end":{"line":17,"column":26}}},"branchMap":{}},"contracts/OrderStorage.sol":{"l":{"24":3,"28":3},"path":"/Users/sindhu/Desktop/final-project-hardhat-project/contracts/OrderStorage.sol","s":{"1":3},"b":{},"f":{"1":3,"2":3},"fnMap":{"1":{"name":"storeOrder","line":16,"loc":{"start":{"line":16,"column":4},"end":{"line":25,"column":4}}},"2":{"name":"getOrder","line":27,"loc":{"start":{"line":27,"column":4},"end":{"line":29,"column":4}}}},"statementMap":{"1":{"start":{"line":28,"column":8},"end":{"line":28,"column":26}}},"branchMap":{}},"contracts/SignatureVerifier.sol":{"l":{"25":4,"35":8,"37":6,"38":6,"40":6,"41":6,"43":4,"52":6,"71":6,"73":6,"79":6},"path":"/Users/sindhu/Desktop/final-project-hardhat-project/contracts/SignatureVerifier.sol","s":{"1":4,"2":8,"3":6,"4":6,"5":6,"6":6,"7":4,"8":6,"9":6,"10":6},"b":{"1":[6,2],"2":[4,2],"3":[6,0]},"f":{"1":4,"2":8,"3":6,"4":6},"fnMap":{"1":{"name":"getMessageHash","line":18,"loc":{"start":{"line":18,"column":4},"end":{"line":26,"column":4}}},"2":{"name":"recoverSigner","line":34,"loc":{"start":{"line":34,"column":4},"end":{"line":44,"column":4}}},"3":{"name":"getEthSignedMessageHash","line":51,"loc":{"start":{"line":51,"column":4},"end":{"line":53,"column":4}}},"4":{"name":"splitSignature","line":62,"loc":{"start":{"line":62,"column":4},"end":{"line":80,"column":4}}}},"statementMap":{"1":{"start":{"line":25,"column":8},"end":{"line":25,"column":83}},"2":{"start":{"line":35,"column":8},"end":{"line":35,"column":71}},"3":{"start":{"line":37,"column":8},"end":{"line":37,"column":76}},"4":{"start":{"line":38,"column":8},"end":{"line":38,"column":68}},"5":{"start":{"line":40,"column":8},"end":{"line":40,"column":65}},"6":{"start":{"line":41,"column":8},"end":{"line":41,"column":61}},"7":{"start":{"line":43,"column":8},"end":{"line":43,"column":21}},"8":{"start":{"line":52,"column":8},"end":{"line":52,"column":92}},"9":{"start":{"line":71,"column":8},"end":{"line":71,"column":64}},"10":{"start":{"line":79,"column":8},"end":{"line":79,"column":24}}},"branchMap":{"1":{"line":35,"type":"if","locations":[{"start":{"line":35,"column":8},"end":{"line":35,"column":8}},{"start":{"line":35,"column":8},"end":{"line":35,"column":8}}]},"2":{"line":41,"type":"if","locations":[{"start":{"line":41,"column":8},"end":{"line":41,"column":8}},{"start":{"line":41,"column":8},"end":{"line":41,"column":8}}]},"3":{"line":71,"type":"if","locations":[{"start":{"line":71,"column":8},"end":{"line":71,"column":8}},{"start":{"line":71,"column":8},"end":{"line":71,"column":8}}]}}}}