{"contracts/EnhancedOrderBook.sol":{"l":{"46":2,"47":2,"48":2,"49":2,"50":2,"51":2,"53":2,"60":2,"61":2,"63":2,"74":2,"75":2,"84":1,"85":1,"86":1,"95":1,"96":1},"path":"/Users/sindhu/Desktop/final-project/contracts/EnhancedOrderBook.sol","s":{"1":2,"2":2,"3":2,"4":2,"5":2,"6":2,"7":2,"8":2,"9":2,"10":2,"11":2,"12":1,"13":1,"14":1,"15":1,"16":1},"b":{"1":[2,0],"2":[2,0],"3":[2,0],"4":[2,0],"5":[2,0],"6":[2,0],"7":[1,0]},"f":{"1":2,"2":1,"3":1},"fnMap":{"1":{"name":"placeOrderWithExpiry","line":37,"loc":{"start":{"line":37,"column":4},"end":{"line":76,"column":4}}},"2":{"name":"isOrderExpired","line":83,"loc":{"start":{"line":83,"column":4},"end":{"line":87,"column":4}}},"3":{"name":"isOrderActive","line":94,"loc":{"start":{"line":94,"column":4},"end":{"line":97,"column":4}}}},"statementMap":{"1":{"start":{"line":46,"column":8},"end":{"line":46,"column":69}},"2":{"start":{"line":47,"column":8},"end":{"line":47,"column":49}},"3":{"start":{"line":48,"column":8},"end":{"line":48,"column":47}},"4":{"start":{"line":49,"column":8},"end":{"line":49,"column":53}},"5":{"start":{"line":50,"column":8},"end":{"line":50,"column":74}},"6":{"start":{"line":51,"column":8},"end":{"line":51,"column":62}},"7":{"start":{"line":53,"column":8},"end":{"line":53,"column":2046}},"8":{"start":{"line":60,"column":8},"end":{"line":60,"column":72}},"9":{"start":{"line":61,"column":8},"end":{"line":61,"column":62}},"10":{"start":{"line":74,"column":8},"end":{"line":74,"column":65}},"11":{"start":{"line":75,"column":8},"end":{"line":75,"column":37}},"12":{"start":{"line":84,"column":8},"end":{"line":84,"column":57}},"13":{"start":{"line":85,"column":8},"end":{"line":85,"column":52}},"14":{"start":{"line":86,"column":8},"end":{"line":86,"column":45}},"15":{"start":{"line":95,"column":8},"end":{"line":95,"column":57}},"16":{"start":{"line":96,"column":8},"end":{"line":96,"column":70}}},"branchMap":{"1":{"line":46,"type":"if","locations":[{"start":{"line":46,"column":8},"end":{"line":46,"column":8}},{"start":{"line":46,"column":8},"end":{"line":46,"column":8}}]},"2":{"line":47,"type":"if","locations":[{"start":{"line":47,"column":8},"end":{"line":47,"column":8}},{"start":{"line":47,"column":8},"end":{"line":47,"column":8}}]},"3":{"line":48,"type":"if","locations":[{"start":{"line":48,"column":8},"end":{"line":48,"column":8}},{"start":{"line":48,"column":8},"end":{"line":48,"column":8}}]},"4":{"line":50,"type":"if","locations":[{"start":{"line":50,"column":8},"end":{"line":50,"column":8}},{"start":{"line":50,"column":8},"end":{"line":50,"column":8}}]},"5":{"line":51,"type":"if","locations":[{"start":{"line":51,"column":8},"end":{"line":51,"column":8}},{"start":{"line":51,"column":8},"end":{"line":51,"column":8}}]},"6":{"line":61,"type":"if","locations":[{"start":{"line":61,"column":8},"end":{"line":61,"column":8}},{"start":{"line":61,"column":8},"end":{"line":61,"column":8}}]},"7":{"line":85,"type":"if","locations":[{"start":{"line":85,"column":8},"end":{"line":85,"column":8}},{"start":{"line":85,"column":8},"end":{"line":85,"column":8}}]}}},"contracts/OrderBook.sol":{"l":{"73":4,"76":4,"77":3,"80":2,"81":2,"84":1,"91":1,"94":0,"97":0,"100":0,"101":0},"path":"/Users/sindhu/Desktop/final-project/contracts/OrderBook.sol","s":{"1":4,"2":4,"3":3,"4":2,"5":2,"6":1,"7":1,"8":0,"9":0,"10":0},"b":{"1":[4,0],"2":[3,1],"3":[2,1],"4":[1,1],"5":[0,0]},"f":{"1":4},"fnMap":{"1":{"name":"placeOrder","line":64,"loc":{"start":{"line":64,"column":4},"end":{"line":102,"column":4}}}},"statementMap":{"1":{"start":{"line":73,"column":8},"end":{"line":73,"column":61}},"2":{"start":{"line":76,"column":8},"end":{"line":76,"column":49}},"3":{"start":{"line":77,"column":8},"end":{"line":77,"column":47}},"4":{"start":{"line":80,"column":8},"end":{"line":80,"column":53}},"5":{"start":{"line":81,"column":8},"end":{"line":81,"column":74}},"6":{"start":{"line":84,"column":8},"end":{"line":84,"column":2701}},"7":{"start":{"line":91,"column":8},"end":{"line":91,"column":72}},"8":{"start":{"line":94,"column":8},"end":{"line":94,"column":62}},"9":{"start":{"line":100,"column":8},"end":{"line":100,"column":65}},"10":{"start":{"line":101,"column":8},"end":{"line":101,"column":37}}},"branchMap":{"1":{"line":73,"type":"if","locations":[{"start":{"line":73,"column":8},"end":{"line":73,"column":8}},{"start":{"line":73,"column":8},"end":{"line":73,"column":8}}]},"2":{"line":76,"type":"if","locations":[{"start":{"line":76,"column":8},"end":{"line":76,"column":8}},{"start":{"line":76,"column":8},"end":{"line":76,"column":8}}]},"3":{"line":77,"type":"if","locations":[{"start":{"line":77,"column":8},"end":{"line":77,"column":8}},{"start":{"line":77,"column":8},"end":{"line":77,"column":8}}]},"4":{"line":81,"type":"if","locations":[{"start":{"line":81,"column":8},"end":{"line":81,"column":8}},{"start":{"line":81,"column":8},"end":{"line":81,"column":8}}]},"5":{"line":94,"type":"if","locations":[{"start":{"line":94,"column":8},"end":{"line":94,"column":8}},{"start":{"line":94,"column":8},"end":{"line":94,"column":8}}]}}},"contracts/OrderManagement.sol":{"l":{"38":2,"58":1},"path":"/Users/sindhu/Desktop/final-project/contracts/OrderManagement.sol","s":{"1":2},"b":{},"f":{"1":2,"2":1},"fnMap":{"1":{"name":"getOrder","line":37,"loc":{"start":{"line":37,"column":4},"end":{"line":39,"column":4}}},"2":{"name":"updateOrder","line":50,"loc":{"start":{"line":50,"column":4},"end":{"line":59,"column":4}}}},"statementMap":{"1":{"start":{"line":38,"column":8},"end":{"line":38,"column":26}}},"branchMap":{}},"contracts/OrderStorage.sol":{"l":{"49":3,"58":3},"path":"/Users/sindhu/Desktop/final-project/contracts/OrderStorage.sol","s":{"1":3},"b":{},"f":{"1":3,"2":3},"fnMap":{"1":{"name":"storeOrder","line":41,"loc":{"start":{"line":41,"column":4},"end":{"line":50,"column":4}}},"2":{"name":"getOrder","line":57,"loc":{"start":{"line":57,"column":4},"end":{"line":59,"column":4}}}},"statementMap":{"1":{"start":{"line":58,"column":8},"end":{"line":58,"column":26}}},"branchMap":{}},"contracts/SignatureVerifier.sol":{"l":{"25":4,"35":8,"37":6,"38":6,"40":6,"41":6,"43":4,"52":6,"71":6,"73":6,"79":6},"path":"/Users/sindhu/Desktop/final-project/contracts/SignatureVerifier.sol","s":{"1":4,"2":8,"3":6,"4":6,"5":6,"6":6,"7":4,"8":6,"9":6,"10":6},"b":{"1":[6,2],"2":[4,2],"3":[6,0]},"f":{"1":4,"2":8,"3":6,"4":6},"fnMap":{"1":{"name":"getMessageHash","line":18,"loc":{"start":{"line":18,"column":4},"end":{"line":26,"column":4}}},"2":{"name":"recoverSigner","line":34,"loc":{"start":{"line":34,"column":4},"end":{"line":44,"column":4}}},"3":{"name":"getEthSignedMessageHash","line":51,"loc":{"start":{"line":51,"column":4},"end":{"line":53,"column":4}}},"4":{"name":"splitSignature","line":62,"loc":{"start":{"line":62,"column":4},"end":{"line":80,"column":4}}}},"statementMap":{"1":{"start":{"line":25,"column":8},"end":{"line":25,"column":83}},"2":{"start":{"line":35,"column":8},"end":{"line":35,"column":71}},"3":{"start":{"line":37,"column":8},"end":{"line":37,"column":76}},"4":{"start":{"line":38,"column":8},"end":{"line":38,"column":68}},"5":{"start":{"line":40,"column":8},"end":{"line":40,"column":65}},"6":{"start":{"line":41,"column":8},"end":{"line":41,"column":61}},"7":{"start":{"line":43,"column":8},"end":{"line":43,"column":21}},"8":{"start":{"line":52,"column":8},"end":{"line":52,"column":92}},"9":{"start":{"line":71,"column":8},"end":{"line":71,"column":64}},"10":{"start":{"line":79,"column":8},"end":{"line":79,"column":24}}},"branchMap":{"1":{"line":35,"type":"if","locations":[{"start":{"line":35,"column":8},"end":{"line":35,"column":8}},{"start":{"line":35,"column":8},"end":{"line":35,"column":8}}]},"2":{"line":41,"type":"if","locations":[{"start":{"line":41,"column":8},"end":{"line":41,"column":8}},{"start":{"line":41,"column":8},"end":{"line":41,"column":8}}]},"3":{"line":71,"type":"if","locations":[{"start":{"line":71,"column":8},"end":{"line":71,"column":8}},{"start":{"line":71,"column":8},"end":{"line":71,"column":8}}]}}}}